[     312ms] [LOG] 无畏是青春的态度，热AI是时代的脉搏。
各位新同学正以无畏的姿态奔赴通用人工智能的星辰大海！
作为引领AI时代浪潮的主力军，广阔舞台，待你大展身手。
乘风破浪，勇往直前，未来百度将与你一起，创造无限可能！
 @ https://pss.bdstatic.com/r/www/cache/static/protocol/https/global/js/all_async_search_cf85ea3.js:2036
[     313ms] [LOG] %c百度2026校园招聘简历投递：https://talent.baidu.com/jobs/list color:red @ https://pss.bdstatic.com/r/www/cache/static/protocol/https/global/js/all_async_search_cf85ea3.js:2036
[    9896ms] [LOG] onbeforeunload save spyCache @ https://pss.bdstatic.com/r/www/cache/static/protocol/https/global/js/all_async_search_cf85ea3.js:1852
[   16788ms] [LOG] [JDAS] 通用请求拦截器已启动。 @ https://storage.jd.com/fido-source/tc/1.0.1/trace-chain-sdk.umd.min.js:6
[   17114ms] [LOG] load js success! @ https://storage.360buyimg.com/webcontainer/js_security_v3_0.1.8.js:2
[   17255ms] Uncaught TypeError: r is not a function
    at <anonymous> (https://gias.jd.com/js/pc-tk.js:0:50222)
[   17255ms] Uncaught TypeError: r is not a function
    at <anonymous> (https://gias.jd.com/js/pc-tk.js:0:50222)
[   17255ms] Uncaught TypeError: r is not a function
    at <anonymous> (https://gias.jd.com/js/pc-tk.js:0:50222)
[   17302ms] [LOG] spm初始化完毕 @ https://storage.jd.com/retail-mall/jdc_user_login/pc/user/login/0.0.24/js/login2025_append.js:1
[   18824ms] [LOG] fast_login:  null @ https://open.weixin.qq.com/connect/qrconnect?appid=wx827225356b689e24&state=53C35B9C3A069901DFCA8A8C82889DD4EDE151B303374A07F21AB029846FBEC89B1C937392B3BE71DF375ADE61E835E3&redirect_uri=https%3A%2F%2Fqq.jd.com%2Fnew%2Fwx%2Fcallback.action%3F%26uuid%3Da8445393938648de89246d3c135a4468&response_type=code&scope=snsapi_login:287
[   18825ms] [LOG] fastLogin_enabled:  true @ https://open.weixin.qq.com/connect/qrconnect?appid=wx827225356b689e24&state=53C35B9C3A069901DFCA8A8C82889DD4EDE151B303374A07F21AB029846FBEC89B1C937392B3BE71DF375ADE61E835E3&redirect_uri=https%3A%2F%2Fqq.jd.com%2Fnew%2Fwx%2Fcallback.action%3F%26uuid%3Da8445393938648de89246d3c135a4468&response_type=code&scope=snsapi_login:287
[   18886ms] [LOG] qrcode loaded， duration:  138 @ https://open.weixin.qq.com/connect/qrconnect?appid=wx827225356b689e24&state=53C35B9C3A069901DFCA8A8C82889DD4EDE151B303374A07F21AB029846FBEC89B1C937392B3BE71DF375ADE61E835E3&redirect_uri=https%3A%2F%2Fqq.jd.com%2Fnew%2Fwx%2Fcallback.action%3F%26uuid%3Da8445393938648de89246d3c135a4468&response_type=code&scope=snsapi_login:287
[   18887ms] [LOG] checklogin请求发起: Sun May 17 2026 23:45:22 GMT+0800 (中国标准时间) @ https://open.weixin.qq.com/connect/qrconnect?appid=wx827225356b689e24&state=53C35B9C3A069901DFCA8A8C82889DD4EDE151B303374A07F21AB029846FBEC89B1C937392B3BE71DF375ADE61E835E3&redirect_uri=https%3A%2F%2Fqq.jd.com%2Fnew%2Fwx%2Fcallback.action%3F%26uuid%3Da8445393938648de89246d3c135a4468&response_type=code&scope=snsapi_login:287
[   18887ms] [LOG] checklogin post redirect_uri https://qq.jd.com/new/wx/callback.action?&uuid=a8445393938648de89246d3c135a4468 @ https://open.weixin.qq.com/connect/qrconnect?appid=wx827225356b689e24&state=53C35B9C3A069901DFCA8A8C82889DD4EDE151B303374A07F21AB029846FBEC89B1C937392B3BE71DF375ADE61E835E3&redirect_uri=https%3A%2F%2Fqq.jd.com%2Fnew%2Fwx%2Fcallback.action%3F%26uuid%3Da8445393938648de89246d3c135a4468&response_type=code&scope=snsapi_login:287
[   18887ms] [LOG] 当前port:  14013 @ https://open.weixin.qq.com/connect/qrconnect?appid=wx827225356b689e24&state=53C35B9C3A069901DFCA8A8C82889DD4EDE151B303374A07F21AB029846FBEC89B1C937392B3BE71DF375ADE61E835E3&redirect_uri=https%3A%2F%2Fqq.jd.com%2Fnew%2Fwx%2Fcallback.action%3F%26uuid%3Da8445393938648de89246d3c135a4468&response_type=code&scope=snsapi_login:287
[   18888ms] [LOG] checklogin post redirect_uri https://qq.jd.com/new/wx/callback.action?&uuid=a8445393938648de89246d3c135a4468 @ https://open.weixin.qq.com/connect/qrconnect?appid=wx827225356b689e24&state=53C35B9C3A069901DFCA8A8C82889DD4EDE151B303374A07F21AB029846FBEC89B1C937392B3BE71DF375ADE61E835E3&redirect_uri=https%3A%2F%2Fqq.jd.com%2Fnew%2Fwx%2Fcallback.action%3F%26uuid%3Da8445393938648de89246d3c135a4468&response_type=code&scope=snsapi_login:287
[   18888ms] [LOG] 当前port:  14014 @ https://open.weixin.qq.com/connect/qrconnect?appid=wx827225356b689e24&state=53C35B9C3A069901DFCA8A8C82889DD4EDE151B303374A07F21AB029846FBEC89B1C937392B3BE71DF375ADE61E835E3&redirect_uri=https%3A%2F%2Fqq.jd.com%2Fnew%2Fwx%2Fcallback.action%3F%26uuid%3Da8445393938648de89246d3c135a4468&response_type=code&scope=snsapi_login:287
[   18888ms] [LOG] checklogin post redirect_uri https://qq.jd.com/new/wx/callback.action?&uuid=a8445393938648de89246d3c135a4468 @ https://open.weixin.qq.com/connect/qrconnect?appid=wx827225356b689e24&state=53C35B9C3A069901DFCA8A8C82889DD4EDE151B303374A07F21AB029846FBEC89B1C937392B3BE71DF375ADE61E835E3&redirect_uri=https%3A%2F%2Fqq.jd.com%2Fnew%2Fwx%2Fcallback.action%3F%26uuid%3Da8445393938648de89246d3c135a4468&response_type=code&scope=snsapi_login:287
[   18888ms] [LOG] 当前port:  14015 @ https://open.weixin.qq.com/connect/qrconnect?appid=wx827225356b689e24&state=53C35B9C3A069901DFCA8A8C82889DD4EDE151B303374A07F21AB029846FBEC89B1C937392B3BE71DF375ADE61E835E3&redirect_uri=https%3A%2F%2Fqq.jd.com%2Fnew%2Fwx%2Fcallback.action%3F%26uuid%3Da8445393938648de89246d3c135a4468&response_type=code&scope=snsapi_login:287
[   18889ms] [LOG] checklogin post redirect_uri https://qq.jd.com/new/wx/callback.action?&uuid=a8445393938648de89246d3c135a4468 @ https://open.weixin.qq.com/connect/qrconnect?appid=wx827225356b689e24&state=53C35B9C3A069901DFCA8A8C82889DD4EDE151B303374A07F21AB029846FBEC89B1C937392B3BE71DF375ADE61E835E3&redirect_uri=https%3A%2F%2Fqq.jd.com%2Fnew%2Fwx%2Fcallback.action%3F%26uuid%3Da8445393938648de89246d3c135a4468&response_type=code&scope=snsapi_login:287
[   18889ms] [LOG] 当前port:  13013 @ https://open.weixin.qq.com/connect/qrconnect?appid=wx827225356b689e24&state=53C35B9C3A069901DFCA8A8C82889DD4EDE151B303374A07F21AB029846FBEC89B1C937392B3BE71DF375ADE61E835E3&redirect_uri=https%3A%2F%2Fqq.jd.com%2Fnew%2Fwx%2Fcallback.action%3F%26uuid%3Da8445393938648de89246d3c135a4468&response_type=code&scope=snsapi_login:287
[   18889ms] [LOG] checklogin post redirect_uri https://qq.jd.com/new/wx/callback.action?&uuid=a8445393938648de89246d3c135a4468 @ https://open.weixin.qq.com/connect/qrconnect?appid=wx827225356b689e24&state=53C35B9C3A069901DFCA8A8C82889DD4EDE151B303374A07F21AB029846FBEC89B1C937392B3BE71DF375ADE61E835E3&redirect_uri=https%3A%2F%2Fqq.jd.com%2Fnew%2Fwx%2Fcallback.action%3F%26uuid%3Da8445393938648de89246d3c135a4468&response_type=code&scope=snsapi_login:287
[   18889ms] [LOG] 当前port:  13014 @ https://open.weixin.qq.com/connect/qrconnect?appid=wx827225356b689e24&state=53C35B9C3A069901DFCA8A8C82889DD4EDE151B303374A07F21AB029846FBEC89B1C937392B3BE71DF375ADE61E835E3&redirect_uri=https%3A%2F%2Fqq.jd.com%2Fnew%2Fwx%2Fcallback.action%3F%26uuid%3Da8445393938648de89246d3c135a4468&response_type=code&scope=snsapi_login:287
[   18889ms] [LOG] checklogin post redirect_uri https://qq.jd.com/new/wx/callback.action?&uuid=a8445393938648de89246d3c135a4468 @ https://open.weixin.qq.com/connect/qrconnect?appid=wx827225356b689e24&state=53C35B9C3A069901DFCA8A8C82889DD4EDE151B303374A07F21AB029846FBEC89B1C937392B3BE71DF375ADE61E835E3&redirect_uri=https%3A%2F%2Fqq.jd.com%2Fnew%2Fwx%2Fcallback.action%3F%26uuid%3Da8445393938648de89246d3c135a4468&response_type=code&scope=snsapi_login:287
[   18889ms] [LOG] 当前port:  13015 @ https://open.weixin.qq.com/connect/qrconnect?appid=wx827225356b689e24&state=53C35B9C3A069901DFCA8A8C82889DD4EDE151B303374A07F21AB029846FBEC89B1C937392B3BE71DF375ADE61E835E3&redirect_uri=https%3A%2F%2Fqq.jd.com%2Fnew%2Fwx%2Fcallback.action%3F%26uuid%3Da8445393938648de89246d3c135a4468&response_type=code&scope=snsapi_login:287
[   19657ms] [LOG] before handle, fastLogin:  false @ https://open.weixin.qq.com/connect/qrconnect?appid=wx827225356b689e24&state=53C35B9C3A069901DFCA8A8C82889DD4EDE151B303374A07F21AB029846FBEC89B1C937392B3BE71DF375ADE61E835E3&redirect_uri=https%3A%2F%2Fqq.jd.com%2Fnew%2Fwx%2Fcallback.action%3F%26uuid%3Da8445393938648de89246d3c135a4468&response_type=code&scope=snsapi_login:287
[   19657ms] [LOG] 登录状态检查成功 {apiname: qrconnectchecklogin, errcode: 0, jsdata: Object} @ https://open.weixin.qq.com/connect/qrconnect?appid=wx827225356b689e24&state=53C35B9C3A069901DFCA8A8C82889DD4EDE151B303374A07F21AB029846FBEC89B1C937392B3BE71DF375ADE61E835E3&redirect_uri=https%3A%2F%2Fqq.jd.com%2Fnew%2Fwx%2Fcallback.action%3F%26uuid%3Da8445393938648de89246d3c135a4468&response_type=code&scope=snsapi_login:287
[   19657ms] [LOG] 连通port:  14013 @ https://open.weixin.qq.com/connect/qrconnect?appid=wx827225356b689e24&state=53C35B9C3A069901DFCA8A8C82889DD4EDE151B303374A07F21AB029846FBEC89B1C937392B3BE71DF375ADE61E835E3&redirect_uri=https%3A%2F%2Fqq.jd.com%2Fnew%2Fwx%2Fcallback.action%3F%26uuid%3Da8445393938648de89246d3c135a4468&response_type=code&scope=snsapi_login:287
[   19658ms] [LOG] after handle, fastLogin:  true @ https://open.weixin.qq.com/connect/qrconnect?appid=wx827225356b689e24&state=53C35B9C3A069901DFCA8A8C82889DD4EDE151B303374A07F21AB029846FBEC89B1C937392B3BE71DF375ADE61E835E3&redirect_uri=https%3A%2F%2Fqq.jd.com%2Fnew%2Fwx%2Fcallback.action%3F%26uuid%3Da8445393938648de89246d3c135a4468&response_type=code&scope=snsapi_login:287
[   19658ms] [LOG] fastLogin:  true @ https://open.weixin.qq.com/connect/qrconnect?appid=wx827225356b689e24&state=53C35B9C3A069901DFCA8A8C82889DD4EDE151B303374A07F21AB029846FBEC89B1C937392B3BE71DF375ADE61E835E3&redirect_uri=https%3A%2F%2Fqq.jd.com%2Fnew%2Fwx%2Fcallback.action%3F%26uuid%3Da8445393938648de89246d3c135a4468&response_type=code&scope=snsapi_login:287
[   19659ms] [LOG] 请求结束: Sun May 17 2026 23:45:23 GMT+0800 (中国标准时间) @ https://open.weixin.qq.com/connect/qrconnect?appid=wx827225356b689e24&state=53C35B9C3A069901DFCA8A8C82889DD4EDE151B303374A07F21AB029846FBEC89B1C937392B3BE71DF375ADE61E835E3&redirect_uri=https%3A%2F%2Fqq.jd.com%2Fnew%2Fwx%2Fcallback.action%3F%26uuid%3Da8445393938648de89246d3c135a4468&response_type=code&scope=snsapi_login:287
[   19659ms] [LOG] 请求时长: 772 ms @ https://open.weixin.qq.com/connect/qrconnect?appid=wx827225356b689e24&state=53C35B9C3A069901DFCA8A8C82889DD4EDE151B303374A07F21AB029846FBEC89B1C937392B3BE71DF375ADE61E835E3&redirect_uri=https%3A%2F%2Fqq.jd.com%2Fnew%2Fwx%2Fcallback.action%3F%26uuid%3Da8445393938648de89246d3c135a4468&response_type=code&scope=snsapi_login:287
[   20149ms] [LOG] 发起authorize请求，port= 14013 @ https://open.weixin.qq.com/connect/qrconnect?appid=wx827225356b689e24&state=53C35B9C3A069901DFCA8A8C82889DD4EDE151B303374A07F21AB029846FBEC89B1C937392B3BE71DF375ADE61E835E3&redirect_uri=https%3A%2F%2Fqq.jd.com%2Fnew%2Fwx%2Fcallback.action%3F%26uuid%3Da8445393938648de89246d3c135a4468&response_type=code&scope=snsapi_login:287
[   20149ms] [LOG] authorize post redirect_uri https://qq.jd.com/new/wx/callback.action?&uuid=a8445393938648de89246d3c135a4468 @ https://open.weixin.qq.com/connect/qrconnect?appid=wx827225356b689e24&state=53C35B9C3A069901DFCA8A8C82889DD4EDE151B303374A07F21AB029846FBEC89B1C937392B3BE71DF375ADE61E835E3&redirect_uri=https%3A%2F%2Fqq.jd.com%2Fnew%2Fwx%2Fcallback.action%3F%26uuid%3Da8445393938648de89246d3c135a4468&response_type=code&scope=snsapi_login:287
[   21228ms] [LOG] 端口14014连接失败，尝试下一个端口 @ https://open.weixin.qq.com/connect/qrconnect?appid=wx827225356b689e24&state=53C35B9C3A069901DFCA8A8C82889DD4EDE151B303374A07F21AB029846FBEC89B1C937392B3BE71DF375ADE61E835E3&redirect_uri=https%3A%2F%2Fqq.jd.com%2Fnew%2Fwx%2Fcallback.action%3F%26uuid%3Da8445393938648de89246d3c135a4468&response_type=code&scope=snsapi_login:287
[   21229ms] [ERROR] Failed to load resource: net::ERR_CONNECTION_REFUSED @ https://localhost.weixin.qq.com:14014/api/check-login:0
[   21383ms] [LOG] 端口13013连接失败，尝试下一个端口 @ https://open.weixin.qq.com/connect/qrconnect?appid=wx827225356b689e24&state=53C35B9C3A069901DFCA8A8C82889DD4EDE151B303374A07F21AB029846FBEC89B1C937392B3BE71DF375ADE61E835E3&redirect_uri=https%3A%2F%2Fqq.jd.com%2Fnew%2Fwx%2Fcallback.action%3F%26uuid%3Da8445393938648de89246d3c135a4468&response_type=code&scope=snsapi_login:287
[   21383ms] [ERROR] Failed to load resource: net::ERR_CONNECTION_REFUSED @ https://localhost.weixin.qq.com:13013/api/check-login:0
[   21384ms] [LOG] 端口14015连接失败，尝试下一个端口 @ https://open.weixin.qq.com/connect/qrconnect?appid=wx827225356b689e24&state=53C35B9C3A069901DFCA8A8C82889DD4EDE151B303374A07F21AB029846FBEC89B1C937392B3BE71DF375ADE61E835E3&redirect_uri=https%3A%2F%2Fqq.jd.com%2Fnew%2Fwx%2Fcallback.action%3F%26uuid%3Da8445393938648de89246d3c135a4468&response_type=code&scope=snsapi_login:287
[   21385ms] [ERROR] Failed to load resource: net::ERR_CONNECTION_REFUSED @ https://localhost.weixin.qq.com:14015/api/check-login:0
[   21385ms] [LOG] 端口13014连接失败，尝试下一个端口 @ https://open.weixin.qq.com/connect/qrconnect?appid=wx827225356b689e24&state=53C35B9C3A069901DFCA8A8C82889DD4EDE151B303374A07F21AB029846FBEC89B1C937392B3BE71DF375ADE61E835E3&redirect_uri=https%3A%2F%2Fqq.jd.com%2Fnew%2Fwx%2Fcallback.action%3F%26uuid%3Da8445393938648de89246d3c135a4468&response_type=code&scope=snsapi_login:287
[   21385ms] [ERROR] Failed to load resource: net::ERR_CONNECTION_REFUSED @ https://localhost.weixin.qq.com:13014/api/check-login:0
[   21388ms] [LOG] 端口13015连接失败，尝试下一个端口 @ https://open.weixin.qq.com/connect/qrconnect?appid=wx827225356b689e24&state=53C35B9C3A069901DFCA8A8C82889DD4EDE151B303374A07F21AB029846FBEC89B1C937392B3BE71DF375ADE61E835E3&redirect_uri=https%3A%2F%2Fqq.jd.com%2Fnew%2Fwx%2Fcallback.action%3F%26uuid%3Da8445393938648de89246d3c135a4468&response_type=code&scope=snsapi_login:287
[   21389ms] [ERROR] Failed to load resource: net::ERR_CONNECTION_REFUSED @ https://localhost.weixin.qq.com:13015/api/check-login:0
[   21592ms] [LOG] 服务器返回: {"apiname":"qrconnectfastauthorizeconfirm","errcode":0,"jsdata":{"redirect_url":"https://qq.jd.com/new/wx/callback.action?&uuid=a8445393938648de89246d3c135a4468&code=011lelFa1pjmJL0fiQFa1M3XBL2lelFm&state=53C35B9C3A069901DFCA8A8C82889DD4EDE151B303374A07F21AB029846FBEC89B1C937392B3BE71DF375ADE61E835E3","scope_auth_info_list":[{"scope":"","auth_state":0},{"scope":"snsapi_login","auth_state":1}]}} @ https://open.weixin.qq.com/connect/qrconnect?appid=wx827225356b689e24&state=53C35B9C3A069901DFCA8A8C82889DD4EDE151B303374A07F21AB029846FBEC89B1C937392B3BE71DF375ADE61E835E3&redirect_uri=https%3A%2F%2Fqq.jd.com%2Fnew%2Fwx%2Fcallback.action%3F%26uuid%3Da8445393938648de89246d3c135a4468&response_type=code&scope=snsapi_login:287
[   21592ms] [LOG] json: {apiname: qrconnectfastauthorizeconfirm, errcode: 0, jsdata: Object} @ https://open.weixin.qq.com/connect/qrconnect?appid=wx827225356b689e24&state=53C35B9C3A069901DFCA8A8C82889DD4EDE151B303374A07F21AB029846FBEC89B1C937392B3BE71DF375ADE61E835E3&redirect_uri=https%3A%2F%2Fqq.jd.com%2Fnew%2Fwx%2Fcallback.action%3F%26uuid%3Da8445393938648de89246d3c135a4468&response_type=code&scope=snsapi_login:287
[   21592ms] [LOG] code: 0 @ https://open.weixin.qq.com/connect/qrconnect?appid=wx827225356b689e24&state=53C35B9C3A069901DFCA8A8C82889DD4EDE151B303374A07F21AB029846FBEC89B1C937392B3BE71DF375ADE61E835E3&redirect_uri=https%3A%2F%2Fqq.jd.com%2Fnew%2Fwx%2Fcallback.action%3F%26uuid%3Da8445393938648de89246d3c135a4468&response_type=code&scope=snsapi_login:287
[   21592ms] [LOG] 允许登录 @ https://open.weixin.qq.com/connect/qrconnect?appid=wx827225356b689e24&state=53C35B9C3A069901DFCA8A8C82889DD4EDE151B303374A07F21AB029846FBEC89B1C937392B3BE71DF375ADE61E835E3&redirect_uri=https%3A%2F%2Fqq.jd.com%2Fnew%2Fwx%2Fcallback.action%3F%26uuid%3Da8445393938648de89246d3c135a4468&response_type=code&scope=snsapi_login:287
[   23413ms] [LOG] load js success! @ https://storage.360buyimg.com/webcontainer/js_security_v3_0.1.8.js:2
[   23729ms] [WARNING] document.domain mutation is ignored because the surrounding agent cluster is origin-keyed. @ https://misc.360buyimg.com/jdf/1.0.0/unit/??base/1.0.0/base.js:1
[   26597ms] [WARNING] Mixed Content: The page at 'https://home.jd.com/index.html' was loaded over HTTPS, but requested an insecure element 'http://storage.360buyimg.com/i.imageUpload/6a645f3461363263353565656166386231343839383833393130333838_big.jpg.avif'. This request was automatically upgraded to HTTPS, For more information see https://blog.chromium.org/2019/10/no-more-mixed-messages-about-https.html @ https://home.jd.com/index.html:0
[   26699ms] [WARNING] Mixed Content: The page at 'https://home.jd.com/index.html' was loaded over HTTPS, but requested an insecure element 'http://storage.360buyimg.com/i.imageUpload/6a645f3461363263353565656166386231343839383833393130333838_big.jpg'. This request was automatically upgraded to HTTPS, For more information see https://blog.chromium.org/2019/10/no-more-mixed-messages-about-https.html @ https://home.jd.com/index.html:0
[   37395ms] [ERROR] Failed to load resource: net::ERR_CONNECTION_CLOSED @ https://sso.jingbantong.com/sign?t=1779032733180&c=a4c6d20f11ab2fe5e4898027c04603f4d93d816a76af3206de6cd98d174a589ee033a411fea01231408ca9eff039738a25269869917dc40d087b6ffcd63ce7c6c22a3beb71c3192c1145aad13f62886ff73f8bb11684bdaba1bf5d842f09d15bf45d2c91078a24d43fffb102b69b11da2921e30b586d8872492e99f7835b6216c779c612b3aba690a3414de9d7cbf773573cee9046990431b81469d46f95ca3ac468fba588598dfb2bc8f0c558a962816a4b48a7aa51ac7df713bcbcc540636ccc9ad3d2ac61b2b2840e16cda523531b99c840e16ed93bdd05865839b543fa1d6e06939ba5b2f186b3299efbda3e968d0ac52f74a90d972660936a314d057fe047cd3acdae6d5410036f2afff98dd1e15fa55758e59767ef101f2950d7b35c86f194a5ac815b3fa1ecc649856a5c27fd32b787f289989590905b5c15ae67cb05b1781d266ee548bd&nc=bb5bc1f2f3a374a1ca75e44704e38a63d749fb4f5ce3204185b3b5ff7a615ef0a8a7d3b244e41c36db2e379cf93351e5c26f480aeb9cc63126a3e40bb7e69ecdd098af3e945d78b71655c06028401963b876eb8237f5839e91a19d9859c7c934c96c84d889e785b795c72ea8f3f56b4a29429a44c7bd7126b2d3f781c850fea2a87d0a024db849b37d0ca11228727f48cd37d2dd833aae00b3ae5d7f0d09db92a2b6022536d9eb43d986190ab907349c&callback=?&_=null:0
