[     295ms] [LOG] %c本页面由 京东-主站前端团队 开发维护 

                      -- JDC  color: #6190e8; @ https://storage.360buyimg.com/channel2022/jd_home/0.0.176/static/js/index.chunk.js:0
[     503ms] [ERROR] 公共组件捕获到请求失败 jsonpLogin {params: {"url":"//passport.jd.com/loginservice.aspx?method…out":2000,"jsonp":"callback","name":"jsonpLogin"}} @ https://storage.360buyimg.com/channel2022/jd_home/0.0.176/static/js/index.chunk.js:0
[     576ms] [WARNING] Mixed Content: The page at 'https://www.jd.com/' was loaded over HTTPS, but requested an insecure element 'http://img1.360buyimg.com/n4/jfs/t2500/11/1019004610/2042/57d0cc2/56397029Ndd6d123e.jpg'. This request was automatically upgraded to HTTPS, For more information see https://blog.chromium.org/2019/10/no-more-mixed-messages-about-https.html @ https://www.jd.com/:0
[     759ms] [WARNING] dra: running hook resp logic failed TypeError: Failed to construct 'URL': Invalid URL @ https://storage.360buyimg.com/dev-static/dra/probe-web/1.1.0/browser.js:0
[     761ms] [WARNING] dra: running hook resp logic failed TypeError: Failed to construct 'URL': Invalid URL @ https://storage.360buyimg.com/dev-static/dra/probe-web/1.1.0/browser.js:0
[     761ms] [WARNING] dra: running hook resp logic failed TypeError: Failed to construct 'URL': Invalid URL @ https://storage.360buyimg.com/dev-static/dra/probe-web/1.1.0/browser.js:0
[    1256ms] [WARNING] dra: running hook resp logic failed TypeError: Failed to construct 'URL': Invalid URL @ https://storage.360buyimg.com/dev-static/dra/probe-web/1.1.0/browser.js:0
[    1337ms] [WARNING] dra: running hook resp logic failed TypeError: Failed to construct 'URL': Invalid URL @ https://storage.360buyimg.com/dev-static/dra/probe-web/1.1.0/browser.js:0
[    1411ms] [WARNING] dra: running hook resp logic failed TypeError: Failed to construct 'URL': Invalid URL @ https://storage.360buyimg.com/dev-static/dra/probe-web/1.1.0/browser.js:0
[    9012ms] [WARNING] dra: running hook resp logic failed TypeError: Failed to construct 'URL': Invalid URL @ https://storage.360buyimg.com/dev-static/dra/probe-web/1.1.0/browser.js:0
[    9239ms] [WARNING] dra: running hook resp logic failed TypeError: Failed to construct 'URL': Invalid URL @ https://storage.360buyimg.com/dev-static/dra/probe-web/1.1.0/browser.js:0
[   10727ms] [LOG] [JDAS] 通用请求拦截器已启动。 @ https://storage.jd.com/fido-source/tc/1.0.1/trace-chain-sdk.umd.min.js:6
[   10931ms] [LOG] load js success! @ https://storage.360buyimg.com/webcontainer/js_security_v3_0.1.8.js:2
[   11005ms] [LOG] 刷新图形验证码 appId=1000802 参数结果: true @ https://storage.jd.com/retail-mall/jdc_user_login/pc/user/login/0.0.24/js/newLogin/login.js:1
[   11063ms] [LOG] spm初始化完毕 @ https://storage.jd.com/retail-mall/jdc_user_login/pc/user/login/0.0.24/js/login2025_append.js:1
[   11647ms] [WARNING] dra: running hook resp logic failed TypeError: Failed to construct 'URL': Invalid URL @ https://storage.360buyimg.com/dev-static/dra/probe-web/1.1.0/browser.js:0
[   12563ms] [LOG] fast_login:  null @ https://open.weixin.qq.com/connect/qrconnect?appid=wx827225356b689e24&state=54FD95178CD7E1886C7085833EA233097D2C6DF2008D29F4EE6AC198C142205B539718DE9CDFADE4123F85E6A5740CFE&redirect_uri=https%3A%2F%2Fqq.jd.com%2Fnew%2Fwx%2Fcallback.action%3F%26uuid%3D836f3e5215a84463983fb83014a5dc52&response_type=code&scope=snsapi_login:287
[   12563ms] [LOG] fastLogin_enabled:  true @ https://open.weixin.qq.com/connect/qrconnect?appid=wx827225356b689e24&state=54FD95178CD7E1886C7085833EA233097D2C6DF2008D29F4EE6AC198C142205B539718DE9CDFADE4123F85E6A5740CFE&redirect_uri=https%3A%2F%2Fqq.jd.com%2Fnew%2Fwx%2Fcallback.action%3F%26uuid%3D836f3e5215a84463983fb83014a5dc52&response_type=code&scope=snsapi_login:287
[   12623ms] [LOG] qrcode loaded， duration:  144 @ https://open.weixin.qq.com/connect/qrconnect?appid=wx827225356b689e24&state=54FD95178CD7E1886C7085833EA233097D2C6DF2008D29F4EE6AC198C142205B539718DE9CDFADE4123F85E6A5740CFE&redirect_uri=https%3A%2F%2Fqq.jd.com%2Fnew%2Fwx%2Fcallback.action%3F%26uuid%3D836f3e5215a84463983fb83014a5dc52&response_type=code&scope=snsapi_login:287
[   12624ms] [LOG] checklogin请求发起: Sun May 17 2026 23:48:39 GMT+0800 (中国标准时间) @ https://open.weixin.qq.com/connect/qrconnect?appid=wx827225356b689e24&state=54FD95178CD7E1886C7085833EA233097D2C6DF2008D29F4EE6AC198C142205B539718DE9CDFADE4123F85E6A5740CFE&redirect_uri=https%3A%2F%2Fqq.jd.com%2Fnew%2Fwx%2Fcallback.action%3F%26uuid%3D836f3e5215a84463983fb83014a5dc52&response_type=code&scope=snsapi_login:287
[   12624ms] [LOG] checklogin post redirect_uri https://qq.jd.com/new/wx/callback.action?&uuid=836f3e5215a84463983fb83014a5dc52 @ https://open.weixin.qq.com/connect/qrconnect?appid=wx827225356b689e24&state=54FD95178CD7E1886C7085833EA233097D2C6DF2008D29F4EE6AC198C142205B539718DE9CDFADE4123F85E6A5740CFE&redirect_uri=https%3A%2F%2Fqq.jd.com%2Fnew%2Fwx%2Fcallback.action%3F%26uuid%3D836f3e5215a84463983fb83014a5dc52&response_type=code&scope=snsapi_login:287
[   12624ms] [LOG] 当前port:  14013 @ https://open.weixin.qq.com/connect/qrconnect?appid=wx827225356b689e24&state=54FD95178CD7E1886C7085833EA233097D2C6DF2008D29F4EE6AC198C142205B539718DE9CDFADE4123F85E6A5740CFE&redirect_uri=https%3A%2F%2Fqq.jd.com%2Fnew%2Fwx%2Fcallback.action%3F%26uuid%3D836f3e5215a84463983fb83014a5dc52&response_type=code&scope=snsapi_login:287
[   12625ms] [LOG] checklogin post redirect_uri https://qq.jd.com/new/wx/callback.action?&uuid=836f3e5215a84463983fb83014a5dc52 @ https://open.weixin.qq.com/connect/qrconnect?appid=wx827225356b689e24&state=54FD95178CD7E1886C7085833EA233097D2C6DF2008D29F4EE6AC198C142205B539718DE9CDFADE4123F85E6A5740CFE&redirect_uri=https%3A%2F%2Fqq.jd.com%2Fnew%2Fwx%2Fcallback.action%3F%26uuid%3D836f3e5215a84463983fb83014a5dc52&response_type=code&scope=snsapi_login:287
[   12625ms] [LOG] 当前port:  14014 @ https://open.weixin.qq.com/connect/qrconnect?appid=wx827225356b689e24&state=54FD95178CD7E1886C7085833EA233097D2C6DF2008D29F4EE6AC198C142205B539718DE9CDFADE4123F85E6A5740CFE&redirect_uri=https%3A%2F%2Fqq.jd.com%2Fnew%2Fwx%2Fcallback.action%3F%26uuid%3D836f3e5215a84463983fb83014a5dc52&response_type=code&scope=snsapi_login:287
[   12625ms] [LOG] checklogin post redirect_uri https://qq.jd.com/new/wx/callback.action?&uuid=836f3e5215a84463983fb83014a5dc52 @ https://open.weixin.qq.com/connect/qrconnect?appid=wx827225356b689e24&state=54FD95178CD7E1886C7085833EA233097D2C6DF2008D29F4EE6AC198C142205B539718DE9CDFADE4123F85E6A5740CFE&redirect_uri=https%3A%2F%2Fqq.jd.com%2Fnew%2Fwx%2Fcallback.action%3F%26uuid%3D836f3e5215a84463983fb83014a5dc52&response_type=code&scope=snsapi_login:287
[   12625ms] [LOG] 当前port:  14015 @ https://open.weixin.qq.com/connect/qrconnect?appid=wx827225356b689e24&state=54FD95178CD7E1886C7085833EA233097D2C6DF2008D29F4EE6AC198C142205B539718DE9CDFADE4123F85E6A5740CFE&redirect_uri=https%3A%2F%2Fqq.jd.com%2Fnew%2Fwx%2Fcallback.action%3F%26uuid%3D836f3e5215a84463983fb83014a5dc52&response_type=code&scope=snsapi_login:287
[   12626ms] [LOG] checklogin post redirect_uri https://qq.jd.com/new/wx/callback.action?&uuid=836f3e5215a84463983fb83014a5dc52 @ https://open.weixin.qq.com/connect/qrconnect?appid=wx827225356b689e24&state=54FD95178CD7E1886C7085833EA233097D2C6DF2008D29F4EE6AC198C142205B539718DE9CDFADE4123F85E6A5740CFE&redirect_uri=https%3A%2F%2Fqq.jd.com%2Fnew%2Fwx%2Fcallback.action%3F%26uuid%3D836f3e5215a84463983fb83014a5dc52&response_type=code&scope=snsapi_login:287
[   12626ms] [LOG] 当前port:  13013 @ https://open.weixin.qq.com/connect/qrconnect?appid=wx827225356b689e24&state=54FD95178CD7E1886C7085833EA233097D2C6DF2008D29F4EE6AC198C142205B539718DE9CDFADE4123F85E6A5740CFE&redirect_uri=https%3A%2F%2Fqq.jd.com%2Fnew%2Fwx%2Fcallback.action%3F%26uuid%3D836f3e5215a84463983fb83014a5dc52&response_type=code&scope=snsapi_login:287
[   12626ms] [LOG] checklogin post redirect_uri https://qq.jd.com/new/wx/callback.action?&uuid=836f3e5215a84463983fb83014a5dc52 @ https://open.weixin.qq.com/connect/qrconnect?appid=wx827225356b689e24&state=54FD95178CD7E1886C7085833EA233097D2C6DF2008D29F4EE6AC198C142205B539718DE9CDFADE4123F85E6A5740CFE&redirect_uri=https%3A%2F%2Fqq.jd.com%2Fnew%2Fwx%2Fcallback.action%3F%26uuid%3D836f3e5215a84463983fb83014a5dc52&response_type=code&scope=snsapi_login:287
[   12626ms] [LOG] 当前port:  13014 @ https://open.weixin.qq.com/connect/qrconnect?appid=wx827225356b689e24&state=54FD95178CD7E1886C7085833EA233097D2C6DF2008D29F4EE6AC198C142205B539718DE9CDFADE4123F85E6A5740CFE&redirect_uri=https%3A%2F%2Fqq.jd.com%2Fnew%2Fwx%2Fcallback.action%3F%26uuid%3D836f3e5215a84463983fb83014a5dc52&response_type=code&scope=snsapi_login:287
[   12626ms] [LOG] checklogin post redirect_uri https://qq.jd.com/new/wx/callback.action?&uuid=836f3e5215a84463983fb83014a5dc52 @ https://open.weixin.qq.com/connect/qrconnect?appid=wx827225356b689e24&state=54FD95178CD7E1886C7085833EA233097D2C6DF2008D29F4EE6AC198C142205B539718DE9CDFADE4123F85E6A5740CFE&redirect_uri=https%3A%2F%2Fqq.jd.com%2Fnew%2Fwx%2Fcallback.action%3F%26uuid%3D836f3e5215a84463983fb83014a5dc52&response_type=code&scope=snsapi_login:287
[   12626ms] [LOG] 当前port:  13015 @ https://open.weixin.qq.com/connect/qrconnect?appid=wx827225356b689e24&state=54FD95178CD7E1886C7085833EA233097D2C6DF2008D29F4EE6AC198C142205B539718DE9CDFADE4123F85E6A5740CFE&redirect_uri=https%3A%2F%2Fqq.jd.com%2Fnew%2Fwx%2Fcallback.action%3F%26uuid%3D836f3e5215a84463983fb83014a5dc52&response_type=code&scope=snsapi_login:287
[   13295ms] [LOG] before handle, fastLogin:  false @ https://open.weixin.qq.com/connect/qrconnect?appid=wx827225356b689e24&state=54FD95178CD7E1886C7085833EA233097D2C6DF2008D29F4EE6AC198C142205B539718DE9CDFADE4123F85E6A5740CFE&redirect_uri=https%3A%2F%2Fqq.jd.com%2Fnew%2Fwx%2Fcallback.action%3F%26uuid%3D836f3e5215a84463983fb83014a5dc52&response_type=code&scope=snsapi_login:287
[   13295ms] [LOG] 登录状态检查成功 {apiname: qrconnectchecklogin, errcode: 0, jsdata: Object} @ https://open.weixin.qq.com/connect/qrconnect?appid=wx827225356b689e24&state=54FD95178CD7E1886C7085833EA233097D2C6DF2008D29F4EE6AC198C142205B539718DE9CDFADE4123F85E6A5740CFE&redirect_uri=https%3A%2F%2Fqq.jd.com%2Fnew%2Fwx%2Fcallback.action%3F%26uuid%3D836f3e5215a84463983fb83014a5dc52&response_type=code&scope=snsapi_login:287
[   13295ms] [LOG] 连通port:  14013 @ https://open.weixin.qq.com/connect/qrconnect?appid=wx827225356b689e24&state=54FD95178CD7E1886C7085833EA233097D2C6DF2008D29F4EE6AC198C142205B539718DE9CDFADE4123F85E6A5740CFE&redirect_uri=https%3A%2F%2Fqq.jd.com%2Fnew%2Fwx%2Fcallback.action%3F%26uuid%3D836f3e5215a84463983fb83014a5dc52&response_type=code&scope=snsapi_login:287
[   13295ms] [LOG] after handle, fastLogin:  true @ https://open.weixin.qq.com/connect/qrconnect?appid=wx827225356b689e24&state=54FD95178CD7E1886C7085833EA233097D2C6DF2008D29F4EE6AC198C142205B539718DE9CDFADE4123F85E6A5740CFE&redirect_uri=https%3A%2F%2Fqq.jd.com%2Fnew%2Fwx%2Fcallback.action%3F%26uuid%3D836f3e5215a84463983fb83014a5dc52&response_type=code&scope=snsapi_login:287
[   13296ms] [LOG] fastLogin:  true @ https://open.weixin.qq.com/connect/qrconnect?appid=wx827225356b689e24&state=54FD95178CD7E1886C7085833EA233097D2C6DF2008D29F4EE6AC198C142205B539718DE9CDFADE4123F85E6A5740CFE&redirect_uri=https%3A%2F%2Fqq.jd.com%2Fnew%2Fwx%2Fcallback.action%3F%26uuid%3D836f3e5215a84463983fb83014a5dc52&response_type=code&scope=snsapi_login:287
[   13296ms] [LOG] 请求结束: Sun May 17 2026 23:48:40 GMT+0800 (中国标准时间) @ https://open.weixin.qq.com/connect/qrconnect?appid=wx827225356b689e24&state=54FD95178CD7E1886C7085833EA233097D2C6DF2008D29F4EE6AC198C142205B539718DE9CDFADE4123F85E6A5740CFE&redirect_uri=https%3A%2F%2Fqq.jd.com%2Fnew%2Fwx%2Fcallback.action%3F%26uuid%3D836f3e5215a84463983fb83014a5dc52&response_type=code&scope=snsapi_login:287
[   13296ms] [LOG] 请求时长: 673 ms @ https://open.weixin.qq.com/connect/qrconnect?appid=wx827225356b689e24&state=54FD95178CD7E1886C7085833EA233097D2C6DF2008D29F4EE6AC198C142205B539718DE9CDFADE4123F85E6A5740CFE&redirect_uri=https%3A%2F%2Fqq.jd.com%2Fnew%2Fwx%2Fcallback.action%3F%26uuid%3D836f3e5215a84463983fb83014a5dc52&response_type=code&scope=snsapi_login:287
[   13962ms] [LOG] 发起authorize请求，port= 14013 @ https://open.weixin.qq.com/connect/qrconnect?appid=wx827225356b689e24&state=54FD95178CD7E1886C7085833EA233097D2C6DF2008D29F4EE6AC198C142205B539718DE9CDFADE4123F85E6A5740CFE&redirect_uri=https%3A%2F%2Fqq.jd.com%2Fnew%2Fwx%2Fcallback.action%3F%26uuid%3D836f3e5215a84463983fb83014a5dc52&response_type=code&scope=snsapi_login:287
[   13962ms] [LOG] authorize post redirect_uri https://qq.jd.com/new/wx/callback.action?&uuid=836f3e5215a84463983fb83014a5dc52 @ https://open.weixin.qq.com/connect/qrconnect?appid=wx827225356b689e24&state=54FD95178CD7E1886C7085833EA233097D2C6DF2008D29F4EE6AC198C142205B539718DE9CDFADE4123F85E6A5740CFE&redirect_uri=https%3A%2F%2Fqq.jd.com%2Fnew%2Fwx%2Fcallback.action%3F%26uuid%3D836f3e5215a84463983fb83014a5dc52&response_type=code&scope=snsapi_login:287
[   15132ms] [LOG] 端口14015连接失败，尝试下一个端口 @ https://open.weixin.qq.com/connect/qrconnect?appid=wx827225356b689e24&state=54FD95178CD7E1886C7085833EA233097D2C6DF2008D29F4EE6AC198C142205B539718DE9CDFADE4123F85E6A5740CFE&redirect_uri=https%3A%2F%2Fqq.jd.com%2Fnew%2Fwx%2Fcallback.action%3F%26uuid%3D836f3e5215a84463983fb83014a5dc52&response_type=code&scope=snsapi_login:287
[   15133ms] [ERROR] Failed to load resource: net::ERR_CONNECTION_REFUSED @ https://localhost.weixin.qq.com:14015/api/check-login:0
[   15134ms] [LOG] 端口13013连接失败，尝试下一个端口 @ https://open.weixin.qq.com/connect/qrconnect?appid=wx827225356b689e24&state=54FD95178CD7E1886C7085833EA233097D2C6DF2008D29F4EE6AC198C142205B539718DE9CDFADE4123F85E6A5740CFE&redirect_uri=https%3A%2F%2Fqq.jd.com%2Fnew%2Fwx%2Fcallback.action%3F%26uuid%3D836f3e5215a84463983fb83014a5dc52&response_type=code&scope=snsapi_login:287
[   15134ms] [ERROR] Failed to load resource: net::ERR_CONNECTION_REFUSED @ https://localhost.weixin.qq.com:13013/api/check-login:0
[   15139ms] [LOG] 端口13015连接失败，尝试下一个端口 @ https://open.weixin.qq.com/connect/qrconnect?appid=wx827225356b689e24&state=54FD95178CD7E1886C7085833EA233097D2C6DF2008D29F4EE6AC198C142205B539718DE9CDFADE4123F85E6A5740CFE&redirect_uri=https%3A%2F%2Fqq.jd.com%2Fnew%2Fwx%2Fcallback.action%3F%26uuid%3D836f3e5215a84463983fb83014a5dc52&response_type=code&scope=snsapi_login:287
[   15139ms] [ERROR] Failed to load resource: net::ERR_CONNECTION_REFUSED @ https://localhost.weixin.qq.com:13015/api/check-login:0
[   15396ms] [LOG] 服务器返回: {"apiname":"qrconnectfastauthorizeconfirm","errcode":0,"jsdata":{"redirect_url":"https://qq.jd.com/new/wx/callback.action?&uuid=836f3e5215a84463983fb83014a5dc52&code=041kMVkl299XIh4Gp6nl2fOgB52kMVkf&state=54FD95178CD7E1886C7085833EA233097D2C6DF2008D29F4EE6AC198C142205B539718DE9CDFADE4123F85E6A5740CFE","scope_auth_info_list":[{"scope":"","auth_state":0},{"scope":"snsapi_login","auth_state":1}]}} @ https://open.weixin.qq.com/connect/qrconnect?appid=wx827225356b689e24&state=54FD95178CD7E1886C7085833EA233097D2C6DF2008D29F4EE6AC198C142205B539718DE9CDFADE4123F85E6A5740CFE&redirect_uri=https%3A%2F%2Fqq.jd.com%2Fnew%2Fwx%2Fcallback.action%3F%26uuid%3D836f3e5215a84463983fb83014a5dc52&response_type=code&scope=snsapi_login:287
[   15396ms] [LOG] json: {apiname: qrconnectfastauthorizeconfirm, errcode: 0, jsdata: Object} @ https://open.weixin.qq.com/connect/qrconnect?appid=wx827225356b689e24&state=54FD95178CD7E1886C7085833EA233097D2C6DF2008D29F4EE6AC198C142205B539718DE9CDFADE4123F85E6A5740CFE&redirect_uri=https%3A%2F%2Fqq.jd.com%2Fnew%2Fwx%2Fcallback.action%3F%26uuid%3D836f3e5215a84463983fb83014a5dc52&response_type=code&scope=snsapi_login:287
[   15396ms] [LOG] code: 0 @ https://open.weixin.qq.com/connect/qrconnect?appid=wx827225356b689e24&state=54FD95178CD7E1886C7085833EA233097D2C6DF2008D29F4EE6AC198C142205B539718DE9CDFADE4123F85E6A5740CFE&redirect_uri=https%3A%2F%2Fqq.jd.com%2Fnew%2Fwx%2Fcallback.action%3F%26uuid%3D836f3e5215a84463983fb83014a5dc52&response_type=code&scope=snsapi_login:287
[   15396ms] [LOG] 允许登录 @ https://open.weixin.qq.com/connect/qrconnect?appid=wx827225356b689e24&state=54FD95178CD7E1886C7085833EA233097D2C6DF2008D29F4EE6AC198C142205B539718DE9CDFADE4123F85E6A5740CFE&redirect_uri=https%3A%2F%2Fqq.jd.com%2Fnew%2Fwx%2Fcallback.action%3F%26uuid%3D836f3e5215a84463983fb83014a5dc52&response_type=code&scope=snsapi_login:287
[   15647ms] [LOG] 端口14014连接失败，尝试下一个端口 @ https://open.weixin.qq.com/connect/qrconnect?appid=wx827225356b689e24&state=54FD95178CD7E1886C7085833EA233097D2C6DF2008D29F4EE6AC198C142205B539718DE9CDFADE4123F85E6A5740CFE&redirect_uri=https%3A%2F%2Fqq.jd.com%2Fnew%2Fwx%2Fcallback.action%3F%26uuid%3D836f3e5215a84463983fb83014a5dc52&response_type=code&scope=snsapi_login:287
[   15648ms] [ERROR] Failed to load resource: net::ERR_CONNECTION_REFUSED @ https://localhost.weixin.qq.com:14014/api/check-login:0
[   15654ms] [LOG] 端口13014连接失败，尝试下一个端口 @ https://open.weixin.qq.com/connect/qrconnect?appid=wx827225356b689e24&state=54FD95178CD7E1886C7085833EA233097D2C6DF2008D29F4EE6AC198C142205B539718DE9CDFADE4123F85E6A5740CFE&redirect_uri=https%3A%2F%2Fqq.jd.com%2Fnew%2Fwx%2Fcallback.action%3F%26uuid%3D836f3e5215a84463983fb83014a5dc52&response_type=code&scope=snsapi_login:287
[   15654ms] [ERROR] Failed to load resource: net::ERR_CONNECTION_REFUSED @ https://localhost.weixin.qq.com:13014/api/check-login:0
[   17289ms] [LOG] load js success! @ https://storage.360buyimg.com/webcontainer/js_security_v3_0.1.8.js:2
[   17558ms] [WARNING] document.domain mutation is ignored because the surrounding agent cluster is origin-keyed. @ https://misc.360buyimg.com/jdf/1.0.0/unit/??base/1.0.0/base.js:1
[   17794ms] [LOG] %c本页面由 京东-主站前端团队 开发维护 

                      -- JDC  color: #6190e8; @ https://storage.360buyimg.com/channel2022/jd_home/0.0.176/static/js/index.chunk.js:0
[   18019ms] [WARNING] Mixed Content: The page at 'https://www.jd.com/' was loaded over HTTPS, but requested an insecure element 'http://img1.360buyimg.com/n4/jfs/t2500/11/1019004610/2042/57d0cc2/56397029Ndd6d123e.jpg'. This request was automatically upgraded to HTTPS, For more information see https://blog.chromium.org/2019/10/no-more-mixed-messages-about-https.html @ https://www.jd.com/:0
[   18110ms] [WARNING] dra: running hook resp logic failed TypeError: Failed to construct 'URL': Invalid URL @ https://storage.360buyimg.com/dev-static/dra/probe-web/1.1.0/browser.js:0
[   18151ms] [WARNING] dra: running hook resp logic failed TypeError: Failed to construct 'URL': Invalid URL @ https://storage.360buyimg.com/dev-static/dra/probe-web/1.1.0/browser.js:0
[   18178ms] [WARNING] dra: running hook resp logic failed TypeError: Failed to construct 'URL': Invalid URL @ https://storage.360buyimg.com/dev-static/dra/probe-web/1.1.0/browser.js:0
[   18196ms] [WARNING] dra: running hook resp logic failed TypeError: Failed to construct 'URL': Invalid URL @ https://storage.360buyimg.com/dev-static/dra/probe-web/1.1.0/browser.js:0
[   18201ms] [WARNING] dra: running hook resp logic failed TypeError: Failed to construct 'URL': Invalid URL @ https://storage.360buyimg.com/dev-static/dra/probe-web/1.1.0/browser.js:0
[   18218ms] [WARNING] dra: running hook resp logic failed TypeError: Failed to construct 'URL': Invalid URL @ https://storage.360buyimg.com/dev-static/dra/probe-web/1.1.0/browser.js:0
[   18221ms] [WARNING] dra: running hook resp logic failed TypeError: Failed to construct 'URL': Invalid URL @ https://storage.360buyimg.com/dev-static/dra/probe-web/1.1.0/browser.js:0
[   18251ms] [WARNING] dra: running hook resp logic failed TypeError: Failed to construct 'URL': Invalid URL @ https://storage.360buyimg.com/dev-static/dra/probe-web/1.1.0/browser.js:0
[   18260ms] [WARNING] dra: running hook resp logic failed TypeError: Failed to construct 'URL': Invalid URL @ https://storage.360buyimg.com/dev-static/dra/probe-web/1.1.0/browser.js:0
[   18309ms] [WARNING] dra: running hook resp logic failed TypeError: Failed to construct 'URL': Invalid URL @ https://storage.360buyimg.com/dev-static/dra/probe-web/1.1.0/browser.js:0
[   18481ms] [WARNING] dra: running hook resp logic failed TypeError: Failed to construct 'URL': Invalid URL @ https://storage.360buyimg.com/dev-static/dra/probe-web/1.1.0/browser.js:0
[   18541ms] [WARNING] dra: running hook resp logic failed TypeError: Failed to construct 'URL': Invalid URL @ https://storage.360buyimg.com/dev-static/dra/probe-web/1.1.0/browser.js:0
[   18679ms] [WARNING] dra: running hook resp logic failed TypeError: Failed to construct 'URL': Invalid URL @ https://storage.360buyimg.com/dev-static/dra/probe-web/1.1.0/browser.js:0
[   18800ms] [WARNING] dra: running hook resp logic failed TypeError: Failed to construct 'URL': Invalid URL @ https://storage.360buyimg.com/dev-static/dra/probe-web/1.1.0/browser.js:0
[   18941ms] [WARNING] dra: running hook resp logic failed TypeError: Failed to construct 'URL': Invalid URL @ https://storage.360buyimg.com/dev-static/dra/probe-web/1.1.0/browser.js:0
[   27304ms] [ERROR] Failed to load resource: net::ERR_CONNECTION_CLOSED @ https://sso.jingbantong.com/sign?t=1779032928207&c=a4c6d20f11ab2fe5e4898027c04603f4d93d816a76af3206de6cd98d174a589ee033a411fea01231408ca9eff039738a25269869917dc40d087b6ffcd63ce7c6fc40a90c8352bea0b8fa7c1804e2d309a47fe4fe1483ca770e4f046bbdd0d3bb145047e2932eea21c0f5338d52254b5009e89ba5bb13c79e271c2534cf5b00c4eae8abde99659f5b6caa87af3a0c04a3732aec6ea106217d74f364b9dc3a439ac948fa430f1f7c8a7eb0120549b1fd00937b47fa6f50fe9fe813de488b6504ab7a932e2e016e9d970dc9deba119b427cbe1ecaf012f9d126ce8d7a1ddeaf00d735c8ffcf06f7f5c0f23bd40b872da04e09ad092c95e4adbe2ddf06129cc3756e2e2f00f3353ba9c55d1b9ecc779b3908732d20cd3d64926756e41157a5a2b4289dc58b3d656ce388288be09174030702509a2e57b2b5e6bfb71a142b8705f2c3b1781d266ee548bd&nc=6fed3ca8cb23adef827832d1fcdbb7bb5afc3545d6e335dd0e4bf30ed5e6b3323d6234fdb9ba23cc1f79b99f859b3dfea7a96764207935fafb2d711f1e5ce4369eec057a873a48e9396683ec4d2275ca985bd2be65db89eeeb52c3f21ba74dbda2ba21af38f5a8ee0e85b9978ef681c55f83e931cb3a831e8df0af0cd650da28878c556697c077729c558b1f89ddbd7a4e3ce5b6990a7f145f1039b35aabd99b9936918dd732e0c724b86182dd550a58&callback=?&_=null:0
